This is pdfTeX, Version 3.14159265-2.6-1.40.16 (TeX Live 2015/Debian) (preloaded format=prv_Homework_2 2017.6.1)  1 JUN 2017 14:50
entering extended mode
 restricted \write18 enabled.
 %&-line parsing enabled.
**&prv_Homework_2 _region_.tex
(./_region_.tex
LaTeX2e <2016/02/01>
Babel <3.9q> and hyphenation patterns for 3 language(s) loaded.
CUSTOMISED FORMAT. Preloaded files:
        .
 article.cls    2014/09/29 v1.4h Standard LaTeX document class
  size12.clo    2014/09/29 v1.4h Standard LaTeX file (size option)
        .
No file _region_.aux.
LaTeX Font Info:    Checking defaults for OML/cmm/m/it on input line 2.
LaTeX Font Info:    ... okay on input line 2.
LaTeX Font Info:    Checking defaults for T1/cmr/m/n on input line 2.
LaTeX Font Info:    ... okay on input line 2.
LaTeX Font Info:    Checking defaults for OT1/cmr/m/n on input line 2.
LaTeX Font Info:    ... okay on input line 2.
LaTeX Font Info:    Checking defaults for OMS/cmsy/m/n on input line 2.
LaTeX Font Info:    ... okay on input line 2.
LaTeX Font Info:    Checking defaults for OMX/cmex/m/n on input line 2.
LaTeX Font Info:    ... okay on input line 2.
LaTeX Font Info:    Checking defaults for U/cmr/m/n on input line 2.
LaTeX Font Info:    ... okay on input line 2.
(/usr/share/texmf/tex/latex/preview/preview.sty
Package: preview 2010/02/14 11.88 (AUCTeX/preview-latex)

(/usr/share/texmf/tex/latex/preview/prtightpage.def
\PreviewBorder=\dimen103
)
(/usr/share/texmf/tex/latex/preview/prauctex.def
No auxiliary output files.


\hbadness=\count87
\hfuzz=\dimen104
(/usr/share/texmf/tex/latex/preview/prauctex.cfg))
(/usr/share/texmf/tex/latex/preview/prfootnotes.def)
\pr@snippet=\count88
\pr@box=\box26
\pr@output=\toks14

Preview: Fontsize 12pt
Preview: PDFoutput 1
)  !name(Homework_2.tex) !offset(6) 
! Preview: Snippet 1 started.
<-><->
      
l.7 ...em The patient has the disease, call this $
                                                  D$.
Not a real error.

Preview: Tightpage -32891 -32891 32891 32891
! Preview: Snippet 1 ended.(537395+0x660743).
<-><->
      
l.7 ... The patient has the disease, call this $D$
                                                  .
Not a real error.

[1{/var/lib/texmf/fonts/map/pdftex/updmap/pdftex.map}]
! Preview: Snippet 2 started.
<-><->
      
l.8   \item The test is positive, call this $
                                             T_p$.
Not a real error.

! Preview: Snippet 2 ended.(537395+219909x764510).
<-><->
      
l.8   \item The test is positive, call this $T_p$
                                                 .
Not a real error.

[2]
! Preview: Snippet 3 started.
<-><->
      
l.12   $
        Pr{D|T_p} = Pr{D$\cup$T_p}/Pr{T_p} = 0.01*0.87/0.01*0.87+0.99*0.13 =...

Not a real error.

! Missing } inserted.
<inserted text> 
                }
l.12   $Pr{D|T_p} = Pr{D$
                         \cup$T_p}/Pr{T_p} = 0.01*0.87/0.01*0.87+0.99*0.13 =...
I've inserted something that you may have forgotten.
(See the <inserted text> above.)
With luck, this will get me unwedged. But if you
really didn't forget anything, try typing `2' now; then
my insertion and my current dilemma will both disappear.

! Preview: Snippet 3 ended.(589824+219909x5283670).
<-><->
      
l.12   $Pr{D|T_p} = Pr{D$
                         \cup$T_p}/Pr{T_p} = 0.01*0.87/0.01*0.87+0.99*0.13 =...

Not a real error.

[3]
! Missing $ inserted.
<inserted text> 
                $
l.12   $Pr{D|T_p} = Pr{D$\cup
                             $T_p}/Pr{T_p} = 0.01*0.87/0.01*0.87+0.99*0.13 =...
I've inserted a begin-math/end-math symbol since I think
you left one out. Proceed, with fingers crossed.

! Preview: Snippet 4 started.
<-><->
      
l.12   $Pr{D|T_p} = Pr{D$\cup$
                              T_p}/Pr{T_p} = 0.01*0.87/0.01*0.87+0.99*0.13 =...

Not a real error.

! Extra }, or forgotten $.
l.12   $Pr{D|T_p} = Pr{D$\cup$T_p}
                                  /Pr{T_p} = 0.01*0.87/0.01*0.87+0.99*0.13 =...
I've deleted a group-closing symbol because it seems to be
spurious, as in `$x}$'. But perhaps the } is legitimate and
you forgot something else, as in `\hbox{$x}'. In such cases
the way to recover is to insert both the forgotten and the
deleted material, e.g., by typing `I$}'.

! Preview: Snippet 4 ended.(589824+219909x18101771).
<-><->
      
l.12 ...p} = 0.01*0.87/0.01*0.87+0.99*0.13 = 0.06$
                                                  \bar{$33$}$ = 6.$\bar{$3$}...

Not a real error.

[4]
! Preview: Snippet 5 started.
<-><->
      
l.12 ....01*0.87/0.01*0.87+0.99*0.13 = 0.06$\bar{$
                                                  33$}$ = 6.$\bar{$3$}\% .
Not a real error.

! Preview: Snippet 5 ended.(506811+0x770040).
<-><->
      
l.12 ...*0.87/0.01*0.87+0.99*0.13 = 0.06$\bar{$33$
                                                  }$ = 6.$\bar{$3$}\% .
Not a real error.

[5]
! Preview: Snippet 6 started.
<-><->
      
l.12 ....87/0.01*0.87+0.99*0.13 = 0.06$\bar{$33$}$
                                                   = 6.$\bar{$3$}\% .
Not a real error.

! Preview: Snippet 6 ended.(506811+0x1416290).
<-><->
      
l.12 ...01*0.87+0.99*0.13 = 0.06$\bar{$33$}$ = 6.$
                                                  \bar{$3$}\% .
Not a real error.

[6]
! Preview: Snippet 7 started.
<-><->
      
l.12 ...7+0.99*0.13 = 0.06$\bar{$33$}$ = 6.$\bar{$
                                                  3$}\% .
Not a real error.

! Preview: Snippet 7 ended.(506811+0x385020).
<-><->
      
l.12 ...0.99*0.13 = 0.06$\bar{$33$}$ = 6.$\bar{$3$
                                                  }\% .
Not a real error.

[7]

! LaTeX Error: Command \end{center} invalid in math mode.

See the LaTeX manual or LaTeX Companion for explanation.
Type  H <return>  for immediate help.
 ...                                              
                                                  
l.13 \end{center}
                 
Try typing  <return>  to proceed.
If that doesn't work, type  X <return>  to quit.


! LaTeX Error: Something's wrong--perhaps a missing \item.

See the LaTeX manual or LaTeX Companion for explanation.
Type  H <return>  for immediate help.
 ...                                              
                                                  
l.13 \end{center}
                 
Try typing  <return>  to proceed.
If that doesn't work, type  X <return>  to quit.


! LaTeX Error: Something's wrong--perhaps a missing \item.

See the LaTeX manual or LaTeX Companion for explanation.
Type  H <return>  for immediate help.
 ...                                              
                                                  
l.13 \end{center}
                 
Try typing  <return>  to proceed.
If that doesn't work, type  X <return>  to quit.

! Missing $ inserted.
<inserted text> 
                $
l.13 \end{center}
                 
I've inserted something that you may have forgotten.
(See the <inserted text> above.)
With luck, this will get me unwedged. But if you
really didn't forget anything, try typing `2' now; then
my insertion and my current dilemma will both disappear.

 !name(Homework_2.tex) !offset(35)  ) 
Here is how much of TeX's memory you used:
 176 strings out of 494705
 2364 string characters out of 6177988
 51551 words of memory out of 5000000
 3753 multiletter control sequences out of 15000+600000
 8163 words of font info for 29 fonts, out of 8000000 for 9000
 14 hyphenation exceptions out of 8191
 22i,5n,24p,167b,123s stack positions out of 5000i,500n,10000p,200000b,80000s
</usr/share/texlive/texmf-dist/fonts/type1
/public/amsfonts/cm/cmmi12.pfb></usr/share/texlive/texmf-dist/fonts/type1/publi
c/amsfonts/cm/cmmi8.pfb></usr/share/texlive/texmf-dist/fonts/type1/public/amsfo
nts/cm/cmr12.pfb></usr/share/texlive/texmf-dist/fonts/type1/public/amsfonts/cm/
cmsy10.pfb>
Output written on _region_.pdf (7 pages, 33826 bytes).
PDF statistics:
 44 PDF objects out of 1000 (max. 8388607)
 30 compressed objects within 1 object stream
 0 named destinations out of 1000 (max. 500000)
 1 words of extra memory for PDF output out of 10000 (max. 10000000)

